2019-5-8 09:42:27[ERROR](FrameworkServlet.java:506) Context initialization failed
org.springframework.beans.factory.BeanCreationException: Error creating bean with name 'brandController' defined in file [D:\SpringtoolsWorkSpace\e08-emall-parent\e08-manager-web\target\classes\cn\minture\manager\controller\BrandController.class]: Initialization of bean failed; nested exception is org.springframework.beans.factory.BeanInitializationException: Failed to init remote service reference at filed brandService in class cn.minture.manager.controller.BrandController; nested exception is java.lang.IllegalStateException: Failed to check the status of the service cn.minture.seller.service.BrandService. No provider available for the service cn.minture.seller.service.BrandService from the url zookeeper://10.10.35.192:2181/com.alibaba.dubbo.registry.RegistryService?application=manager-web&dubbo=2.8.4&interface=cn.minture.seller.service.BrandService&methods=add,queryByPage,update,delete,findAll,queryById&pid=8108&revision=0.0.1-SNAPSHOT&side=consumer&timestamp=1557279747049 to the consumer 169.254.62.39 use dubbo version 2.8.4
	at org.springframework.beans.factory.support.AbstractAutowireCapableBeanFactory.doCreateBean(AbstractAutowireCapableBeanFactory.java:581)
	at org.springframework.beans.factory.support.AbstractAutowireCapableBeanFactory.createBean(AbstractAutowireCapableBeanFactory.java:495)
	at org.springframework.beans.factory.support.AbstractBeanFactory.lambda$doGetBean$0(AbstractBeanFactory.java:317)
	at org.springframework.beans.factory.support.DefaultSingletonBeanRegistry.getSingleton(DefaultSingletonBeanRegistry.java:222)
	at org.springframework.beans.factory.support.AbstractBeanFactory.doGetBean(AbstractBeanFactory.java:315)
	at org.springframework.beans.factory.support.AbstractBeanFactory.getBean(AbstractBeanFactory.java:199)
	at org.springframework.beans.factory.support.DefaultListableBeanFactory.preInstantiateSingletons(DefaultListableBeanFactory.java:759)
	at org.springframework.context.support.AbstractApplicationContext.finishBeanFactoryInitialization(AbstractApplicationContext.java:867)
	at org.springframework.context.support.AbstractApplicationContext.refresh(AbstractApplicationContext.java:548)
	at org.springframework.web.servlet.FrameworkServlet.configureAndRefreshWebApplicationContext(FrameworkServlet.java:677)
	at org.springframework.web.servlet.FrameworkServlet.createWebApplicationContext(FrameworkServlet.java:643)
	at org.springframework.web.servlet.FrameworkServlet.createWebApplicationContext(FrameworkServlet.java:691)
	at org.springframework.web.servlet.FrameworkServlet.initWebApplicationContext(FrameworkServlet.java:557)
	at org.springframework.web.servlet.FrameworkServlet.initServletBean(FrameworkServlet.java:502)
	at org.springframework.web.servlet.HttpServletBean.init(HttpServletBean.java:172)
	at javax.servlet.GenericServlet.init(GenericServlet.java:160)
	at org.apache.catalina.core.StandardWrapper.initServlet(StandardWrapper.java:1280)
	at org.apache.catalina.core.StandardWrapper.loadServlet(StandardWrapper.java:1193)
	at org.apache.catalina.core.StandardWrapper.load(StandardWrapper.java:1088)
	at org.apache.catalina.core.StandardContext.loadOnStartup(StandardContext.java:5176)
	at org.apache.catalina.core.StandardContext.startInternal(StandardContext.java:5460)
	at org.apache.catalina.util.LifecycleBase.start(LifecycleBase.java:150)
	at org.apache.catalina.core.ContainerBase$StartChild.call(ContainerBase.java:1559)
	at org.apache.catalina.core.ContainerBase$StartChild.call(ContainerBase.java:1549)
	at java.util.concurrent.FutureTask.run(FutureTask.java:266)
	at java.util.concurrent.ThreadPoolExecutor.runWorker(ThreadPoolExecutor.java:1142)
	at java.util.concurrent.ThreadPoolExecutor$Worker.run(ThreadPoolExecutor.java:617)
	at java.lang.Thread.run(Thread.java:745)
Caused by: org.springframework.beans.factory.BeanInitializationException: Failed to init remote service reference at filed brandService in class cn.minture.manager.controller.BrandController; nested exception is java.lang.IllegalStateException: Failed to check the status of the service cn.minture.seller.service.BrandService. No provider available for the service cn.minture.seller.service.BrandService from the url zookeeper://10.10.35.192:2181/com.alibaba.dubbo.registry.RegistryService?application=manager-web&dubbo=2.8.4&interface=cn.minture.seller.service.BrandService&methods=add,queryByPage,update,delete,findAll,queryById&pid=8108&revision=0.0.1-SNAPSHOT&side=consumer&timestamp=1557279747049 to the consumer 169.254.62.39 use dubbo version 2.8.4
	at com.alibaba.dubbo.config.spring.AnnotationBean.postProcessBeforeInitialization(AnnotationBean.java:253)
	at org.springframework.beans.factory.support.AbstractAutowireCapableBeanFactory.applyBeanPostProcessorsBeforeInitialization(AbstractAutowireCapableBeanFactory.java:416)
	at org.springframework.beans.factory.support.AbstractAutowireCapableBeanFactory.initializeBean(AbstractAutowireCapableBeanFactory.java:1686)
	at org.springframework.beans.factory.support.AbstractAutowireCapableBeanFactory.doCreateBean(AbstractAutowireCapableBeanFactory.java:573)
	... 27 more
Caused by: java.lang.IllegalStateException: Failed to check the status of the service cn.minture.seller.service.BrandService. No provider available for the service cn.minture.seller.service.BrandService from the url zookeeper://10.10.35.192:2181/com.alibaba.dubbo.registry.RegistryService?application=manager-web&dubbo=2.8.4&interface=cn.minture.seller.service.BrandService&methods=add,queryByPage,update,delete,findAll,queryById&pid=8108&revision=0.0.1-SNAPSHOT&side=consumer&timestamp=1557279747049 to the consumer 169.254.62.39 use dubbo version 2.8.4
	at com.alibaba.dubbo.config.ReferenceConfig.createProxy(ReferenceConfig.java:420)
	at com.alibaba.dubbo.config.ReferenceConfig.init(ReferenceConfig.java:300)
	at com.alibaba.dubbo.config.ReferenceConfig.get(ReferenceConfig.java:138)
	at com.alibaba.dubbo.config.spring.AnnotationBean.refer(AnnotationBean.java:317)
	at com.alibaba.dubbo.config.spring.AnnotationBean.postProcessBeforeInitialization(AnnotationBean.java:246)
	... 30 more
